
> tesda7-forms@1.0.0 dev
> next dev

▲ Next.js 16.2.9 (Turbopack)
- Local:         http://localhost:3000
- Network:       http://192.168.0.101:3000
- Environments: .env.local
✓ Ready in 570ms

 GET /admindash/onaf 200 in 607ms (next.js: 175ms, application-code: 432ms)
 GET /r7admindash 200 in 101ms (next.js: 34ms, application-code: 67ms)
 GET /r7admindash 200 in 51ms (next.js: 5ms, application-code: 46ms)
 GET / 200 in 225ms (next.js: 48ms, application-code: 177ms)
[browser] Image with src "/icons/tlogo.png" has either width or height modified, but not the other. If you use CSS to change the size of your image, also include the styles 'width: "auto"' or 'height: "auto"' to maintain the aspect ratio.
[browser] Image with src "/icons/blogo.png" has either width or height modified, but not the other. If you use CSS to change the size of your image, also include the styles 'width: "auto"' or 'height: "auto"' to maintain the aspect ratio.
[browser] Image with src "/icons/tlogo.png" has either width or height modified, but not the other. If you use CSS to change the size of your image, also include the styles 'width: "auto"' or 'height: "auto"' to maintain the aspect ratio.
[browser] Image with src "/icons/blogo.png" has either width or height modified, but not the other. If you use CSS to change the size of your image, also include the styles 'width: "auto"' or 'height: "auto"' to maintain the aspect ratio.
✓ Compiled in 182ms
 GET /r7admindash 200 in 346ms (next.js: 7ms, application-code: 339ms)
 GET /r7admindash 200 in 189ms (next.js: 109ms, application-code: 79ms)
 GET / 200 in 240ms (next.js: 74ms, application-code: 167ms)
 GET /r7admindash 200 in 106ms (next.js: 6ms, application-code: 100ms)
 GET / 200 in 129ms (next.js: 5ms, application-code: 124ms)
 GET /r7admindash 200 in 79ms (next.js: 6ms, application-code: 73ms)
 GET / 200 in 54ms (next.js: 4ms, application-code: 50ms)
 GET / 200 in 34ms (next.js: 6ms, application-code: 28ms)
 GET /instructions 200 in 63ms (next.js: 37ms, application-code: 26ms)
✓ Compiled in 118ms
 GET /instructions 200 in 240ms (next.js: 101ms, application-code: 139ms)
 GET /instructions 200 in 111ms (next.js: 45ms, application-code: 66ms)
 GET /r7admindash 200 in 114ms (next.js: 15ms, application-code: 99ms)
 GET /r7admindash 200 in 39ms (next.js: 5ms, application-code: 34ms)
 GET /form 200 in 60ms (next.js: 37ms, application-code: 24ms)
 GET / 200 in 79ms (next.js: 57ms, application-code: 23ms)
 GET /instructions 200 in 19ms (next.js: 4ms, application-code: 15ms)
⚠ Fast Refresh had to perform a full reload when ./node_modules/next/dist/client/image-component.js changed. Read more: https://nextjs.org/docs/messages/fast-refresh-reload
✓ Compiled in 145ms
⚠ Fast Refresh had to perform a full reload when ./node_modules/next/dist/client/image-component.js changed. Read more: https://nextjs.org/docs/messages/fast-refresh-reload
 GET / 200 in 64ms (next.js: 31ms, application-code: 32ms)
 GET / 200 in 567ms (next.js: 164ms, application-code: 403ms)
 GET /r7admindash 200 in 643ms (next.js: 70ms, application-code: 573ms)
 GET /r7admindash 200 in 445ms (next.js: 305ms, application-code: 140ms)
 GET /r7admindash 200 in 123ms (next.js: 6ms, application-code: 117ms)
 GET /r7admindash 200 in 122ms (next.js: 27ms, application-code: 95ms)
 GET / 200 in 494ms (next.js: 5ms, application-code: 490ms)
 GET /r7admindash 200 in 101ms (next.js: 30ms, application-code: 71ms)
 GET /r7admindash 200 in 139ms (next.js: 4ms, application-code: 134ms)
 GET /r7admindash 200 in 139ms (next.js: 25ms, application-code: 114ms)
 GET /r7admindash 200 in 136ms (next.js: 5ms, application-code: 132ms)
 GET /r7admindash 200 in 119ms (next.js: 5ms, application-code: 114ms)
 GET /r7admindash 200 in 119ms (next.js: 25ms, application-code: 94ms)
 GET /r7admindash 200 in 119ms (next.js: 48ms, application-code: 71ms)
 GET /r7admindash 200 in 134ms (next.js: 5ms, application-code: 129ms)
 GET /r7admindash 200 in 114ms (next.js: 3ms, application-code: 110ms)
 GET /r7admindash 200 in 130ms (next.js: 4ms, application-code: 125ms)
 GET /r7admindash 200 in 109ms (next.js: 5ms, application-code: 103ms)
 GET /r7admindash 200 in 108ms (next.js: 24ms, application-code: 85ms)
 GET /r7admindash 200 in 108ms (next.js: 42ms, application-code: 67ms)
 GET /r7admindash 200 in 134ms (next.js: 4ms, application-code: 130ms)
 GET /r7admindash 200 in 115ms (next.js: 4ms, application-code: 111ms)
 GET /r7admindash 200 in 140ms (next.js: 4ms, application-code: 137ms)
 GET /r7admindash 200 in 120ms (next.js: 7ms, application-code: 112ms)
 GET /r7admindash 200 in 119ms (next.js: 27ms, application-code: 92ms)
 GET /r7admindash 200 in 117ms (next.js: 44ms, application-code: 73ms)
 GET /r7admindash 200 in 141ms (next.js: 4ms, application-code: 137ms)
 GET /r7admindash 200 in 119ms (next.js: 7ms, application-code: 112ms)
 GET /r7admindash 200 in 129ms (next.js: 5ms, application-code: 124ms)
 GET /r7admindash 200 in 131ms (next.js: 25ms, application-code: 106ms)
 GET /r7admindash 200 in 131ms (next.js: 44ms, application-code: 87ms)
 GET /r7admindash 200 in 70ms (next.js: 5ms, application-code: 65ms)
 GET /r7admindash 200 in 125ms (next.js: 3ms, application-code: 121ms)
 GET /r7admindash 200 in 108ms (next.js: 3ms, application-code: 104ms)
 GET /r7admindash 200 in 125ms (next.js: 4ms, application-code: 121ms)
 GET /r7admindash 200 in 125ms (next.js: 21ms, application-code: 104ms)
 GET /r7admindash 200 in 126ms (next.js: 40ms, application-code: 86ms)
 GET /r7admindash 200 in 71ms (next.js: 4ms, application-code: 68ms)
 GET /r7admindash 200 in 48ms (next.js: 3ms, application-code: 45ms)
 GET /r7admindash 200 in 29ms (next.js: 4ms, application-code: 25ms)
✓ Compiled in 66ms
 GET /r7admindash 200 in 130ms (next.js: 31ms, application-code: 99ms)
 GET / 200 in 79ms (next.js: 55ms, application-code: 24ms)
[browser] Image with src "/icons/tlogo.png" has either width or height modified, but not the other. If you use CSS to change the size of your image, also include the styles 'width: "auto"' or 'height: "auto"' to maintain the aspect ratio.
[browser] Image with src "/icons/blogo.png" has either width or height modified, but not the other. If you use CSS to change the size of your image, also include the styles 'width: "auto"' or 'height: "auto"' to maintain the aspect ratio.
 GET /contact 200 in 743ms (next.js: 686ms, application-code: 57ms)
✓ Compiled in 90ms
 GET /r7admindash 200 in 218ms (next.js: 37ms, application-code: 181ms)
 GET /r7admindash 200 in 60ms (next.js: 3ms, application-code: 57ms)
 GET /contact 200 in 221ms (next.js: 121ms, application-code: 100ms)
 GET /contact 200 in 43ms (next.js: 6ms, application-code: 38ms)
✓ Compiled in 53ms
 GET /r7admindash 200 in 226ms (next.js: 38ms, application-code: 188ms)
 GET /r7admindash 200 in 65ms (next.js: 4ms, application-code: 61ms)
 GET /contact 200 in 229ms (next.js: 121ms, application-code: 108ms)
 GET /contact 200 in 67ms (next.js: 26ms, application-code: 42ms)
✓ Compiled in 166ms
 GET /r7admindash 200 in 537ms (next.js: 127ms, application-code: 410ms)
 GET /r7admindash 200 in 170ms (next.js: 43ms, application-code: 127ms)
 GET /r7admindash 200 in 81ms (next.js: 5ms, application-code: 76ms)
 GET /r7admindash 200 in 81ms (next.js: 23ms, application-code: 58ms)
 GET /contact 200 in 693ms (next.js: 286ms, application-code: 407ms)
 GET /r7admindash 200 in 202ms (next.js: 5ms, application-code: 197ms)
 GET /contact 200 in 295ms (next.js: 13ms, application-code: 282ms)
 GET /r7admindash 200 in 177ms (next.js: 6ms, application-code: 170ms)
 GET /contact 200 in 204ms (next.js: 5ms, application-code: 199ms)
 GET /contact 200 in 204ms (next.js: 47ms, application-code: 157ms)
 GET /contact 200 in 120ms (next.js: 5ms, application-code: 114ms)
 GET /contact 200 in 71ms (next.js: 5ms, application-code: 66ms)
 GET /r7admindash 200 in 321ms (next.js: 5ms, application-code: 317ms)
 GET / 200 in 128ms (next.js: 19ms, application-code: 108ms)
[browser] Image with src "/icons/tlogo.png" has either width or height modified, but not the other. If you use CSS to change the size of your image, also include the styles 'width: "auto"' or 'height: "auto"' to maintain the aspect ratio.
[browser] Image with src "/icons/blogo.png" has either width or height modified, but not the other. If you use CSS to change the size of your image, also include the styles 'width: "auto"' or 'height: "auto"' to maintain the aspect ratio.
 GET /contact 200 in 46ms (next.js: 4ms, application-code: 42ms)
[browser] Image with src "/icons/RD.jpg" has "fill" but is missing "sizes" prop. Please add it to improve page performance. Read more: https://nextjs.org/docs/api-reference/next/image#sizes
✓ Compiled in 88ms
 GET /r7admindash 200 in 234ms (next.js: 107ms, application-code: 126ms)
 GET /r7admindash 200 in 107ms (next.js: 42ms, application-code: 65ms)
 GET /contact 200 in 276ms (next.js: 62ms, application-code: 213ms)
 GET /contact 200 in 147ms (next.js: 4ms, application-code: 144ms)
 GET /contact 200 in 81ms (next.js: 4ms, application-code: 77ms)
 GET /contact 200 in 45ms (next.js: 4ms, application-code: 41ms)
[browser] Image with src "/icons/noffice.jpg" has "fill" but is missing "sizes" prop. Please add it to improve page performance. Read more: https://nextjs.org/docs/api-reference/next/image#sizes
✓ Compiled in 65ms
 GET /r7admindash 200 in 258ms (next.js: 97ms, application-code: 161ms)
 GET /r7admindash 200 in 143ms (next.js: 33ms, application-code: 109ms)
 GET /contact 200 in 263ms (next.js: 57ms, application-code: 206ms)
 GET /contact 200 in 147ms (next.js: 3ms, application-code: 144ms)
 GET /contact 200 in 94ms (next.js: 4ms, application-code: 90ms)
 GET /contact 200 in 94ms (next.js: 55ms, application-code: 39ms)
 GET /r7admindash 200 in 237ms (next.js: 94ms, application-code: 143ms)
 GET /r7admindash 200 in 93ms (next.js: 4ms, application-code: 89ms)
 GET /contact 200 in 242ms (next.js: 55ms, application-code: 187ms)
 GET /contact 200 in 127ms (next.js: 3ms, application-code: 124ms)
 GET /contact 200 in 76ms (next.js: 3ms, application-code: 73ms)
 GET /contact 200 in 76ms (next.js: 37ms, application-code: 39ms)
 GET / 200 in 45ms (next.js: 19ms, application-code: 26ms)
 GET /instructions 200 in 31ms (next.js: 14ms, application-code: 18ms)
[browser] Image with src "/icons/tlogo.png" has either width or height modified, but not the other. If you use CSS to change the size of your image, also include the styles 'width: "auto"' or 'height: "auto"' to maintain the aspect ratio.
[browser] Image with src "/icons/blogo.png" has either width or height modified, but not the other. If you use CSS to change the size of your image, also include the styles 'width: "auto"' or 'height: "auto"' to maintain the aspect ratio.
✓ Compiled in 116ms
⚠ Fast Refresh had to perform a full reload when ./node_modules/next/dist/client/image-component.js changed. Read more: https://nextjs.org/docs/messages/fast-refresh-reload
⚠ Fast Refresh had to perform a full reload when ./node_modules/next/dist/client/image-component.js changed. Read more: https://nextjs.org/docs/messages/fast-refresh-reload
⚠ Fast Refresh had to perform a full reload when ./node_modules/next/dist/client/image-component.js changed. Read more: https://nextjs.org/docs/messages/fast-refresh-reload
⚠ Fast Refresh had to perform a full reload when ./node_modules/next/dist/client/image-component.js changed. Read more: https://nextjs.org/docs/messages/fast-refresh-reload
 GET /contact 200 in 749ms (next.js: 77ms, application-code: 673ms)
 GET / 200 in 791ms (next.js: 294ms, application-code: 497ms)
 GET /r7admindash 200 in 798ms (next.js: 204ms, application-code: 595ms)
 GET /r7admindash 200 in 142ms (next.js: 10ms, application-code: 132ms)
 GET / 200 in 575ms (next.js: 364ms, application-code: 211ms)
 GET /r7admindash 200 in 136ms (next.js: 6ms, application-code: 130ms)
 GET /r7admindash 200 in 109ms (next.js: 10ms, application-code: 100ms)
 GET /contact 200 in 640ms (next.js: 4ms, application-code: 636ms)
 GET /r7admindash 200 in 93ms (next.js: 5ms, application-code: 89ms)
 GET /r7admindash 200 in 133ms (next.js: 4ms, application-code: 129ms)
 GET /r7admindash 200 in 113ms (next.js: 3ms, application-code: 109ms)
 GET /r7admindash 200 in 117ms (next.js: 4ms, application-code: 114ms)
 GET /r7admindash 200 in 114ms (next.js: 4ms, application-code: 110ms)
 GET /r7admindash 200 in 116ms (next.js: 4ms, application-code: 112ms)
 GET /r7admindash 200 in 118ms (next.js: 23ms, application-code: 94ms)
 GET /r7admindash 200 in 151ms (next.js: 8ms, application-code: 143ms)
 GET /r7admindash 200 in 129ms (next.js: 4ms, application-code: 125ms)
 GET /r7admindash 200 in 130ms (next.js: 4ms, application-code: 125ms)
 GET /r7admindash 200 in 129ms (next.js: 5ms, application-code: 124ms)
 GET /r7admindash 200 in 107ms (next.js: 8ms, application-code: 99ms)
 GET /r7admindash 200 in 123ms (next.js: 27ms, application-code: 96ms)
 GET /r7admindash 200 in 142ms (next.js: 5ms, application-code: 138ms)
 GET /r7admindash 200 in 120ms (next.js: 4ms, application-code: 116ms)
 GET /r7admindash 200 in 117ms (next.js: 4ms, application-code: 113ms)
 GET /r7admindash 200 in 117ms (next.js: 4ms, application-code: 113ms)
 GET /r7admindash 200 in 117ms (next.js: 5ms, application-code: 112ms)
 GET /r7admindash 200 in 120ms (next.js: 24ms, application-code: 96ms)
 GET /r7admindash 200 in 137ms (next.js: 4ms, application-code: 133ms)
 GET /r7admindash 200 in 117ms (next.js: 4ms, application-code: 113ms)
 GET /r7admindash 200 in 120ms (next.js: 5ms, application-code: 115ms)
 GET /r7admindash 200 in 118ms (next.js: 4ms, application-code: 113ms)
 GET /r7admindash 200 in 118ms (next.js: 4ms, application-code: 114ms)
 GET /r7admindash 200 in 120ms (next.js: 4ms, application-code: 116ms)
 GET /r7admindash 200 in 139ms (next.js: 4ms, application-code: 135ms)
 GET /r7admindash 200 in 116ms (next.js: 4ms, application-code: 112ms)
 GET /r7admindash 200 in 113ms (next.js: 4ms, application-code: 109ms)
 GET /r7admindash 200 in 114ms (next.js: 4ms, application-code: 110ms)
 GET /r7admindash 200 in 111ms (next.js: 6ms, application-code: 105ms)
 GET /r7admindash 200 in 109ms (next.js: 3ms, application-code: 106ms)
 GET /r7admindash 200 in 131ms (next.js: 4ms, application-code: 127ms)
 GET /r7admindash 200 in 115ms (next.js: 4ms, application-code: 111ms)
 GET /r7admindash 200 in 92ms (next.js: 4ms, application-code: 88ms)
 GET /r7admindash 200 in 73ms (next.js: 3ms, application-code: 70ms)
 GET /r7admindash 200 in 53ms (next.js: 3ms, application-code: 50ms)
 GET /r7admindash 200 in 36ms (next.js: 4ms, application-code: 32ms)
✓ Compiled in 46ms
 GET /r7admindash 200 in 197ms (next.js: 86ms, application-code: 111ms)
 GET / 200 in 198ms (next.js: 58ms, application-code: 140ms)
 GET /contact 200 in 90ms (next.js: 51ms, application-code: 39ms)
[browser] Image with src "/icons/noffice.jpg" has "fill" but is missing "sizes" prop. Please add it to improve page performance. Read more: https://nextjs.org/docs/api-reference/next/image#sizes
[browser] Image with src "/icons/RD.jpg" has "fill" but is missing "sizes" prop. Please add it to improve page performance. Read more: https://nextjs.org/docs/api-reference/next/image#sizes
[browser] Image with src "/icons/tlogo.png" has either width or height modified, but not the other. If you use CSS to change the size of your image, also include the styles 'width: "auto"' or 'height: "auto"' to maintain the aspect ratio.
[browser] Image with src "/icons/blogo.png" has either width or height modified, but not the other. If you use CSS to change the size of your image, also include the styles 'width: "auto"' or 'height: "auto"' to maintain the aspect ratio.
✓ Compiled in 108ms
 GET /about 200 in 456ms (next.js: 426ms, application-code: 30ms)
[browser] Image with src "/icons/tesdabuilding.png" has "fill" but is missing "sizes" prop. Please add it to improve page performance. Read more: https://nextjs.org/docs/api-reference/next/image#sizes
[browser] Image with src "/icons/tlogo.png" has either width or height modified, but not the other. If you use CSS to change the size of your image, also include the styles 'width: "auto"' or 'height: "auto"' to maintain the aspect ratio.
[browser] Image with src "/icons/blogo.png" has either width or height modified, but not the other. If you use CSS to change the size of your image, also include the styles 'width: "auto"' or 'height: "auto"' to maintain the aspect ratio.
✓ Compiled in 127ms
⚠ Fast Refresh had to perform a full reload when ./node_modules/next/dist/client/image-component.js changed. Read more: https://nextjs.org/docs/messages/fast-refresh-reload
 GET /about 200 in 546ms (next.js: 161ms, application-code: 386ms)
 GET /about 200 in 57ms (next.js: 29ms, application-code: 28ms)
 GET /r7admindash 200 in 620ms (next.js: 67ms, application-code: 553ms)
 GET /r7admindash 200 in 133ms (next.js: 5ms, application-code: 128ms)
 GET /r7admindash 200 in 80ms (next.js: 5ms, application-code: 75ms)
 GET /r7admindash 200 in 80ms (next.js: 25ms, application-code: 55ms)
 GET /r7admindash 200 in 76ms (next.js: 4ms, application-code: 72ms)
 GET /about 200 in 717ms (next.js: 191ms, application-code: 526ms)
 GET /r7admindash 200 in 138ms (next.js: 8ms, application-code: 130ms)
 GET /r7admindash 200 in 135ms (next.js: 25ms, application-code: 110ms)
 GET /r7admindash 200 in 94ms (next.js: 4ms, application-code: 90ms)
 GET /r7admindash 200 in 114ms (next.js: 24ms, application-code: 91ms)
 GET /r7admindash 200 in 96ms (next.js: 8ms, application-code: 89ms)
 GET /r7admindash 200 in 114ms (next.js: 3ms, application-code: 111ms)
 GET /r7admindash 200 in 136ms (next.js: 5ms, application-code: 132ms)
 GET /r7admindash 200 in 137ms (next.js: 24ms, application-code: 113ms)
 GET /r7admindash 200 in 93ms (next.js: 4ms, application-code: 90ms)
 GET /r7admindash 200 in 93ms (next.js: 24ms, application-code: 69ms)
 GET /r7admindash 200 in 74ms (next.js: 4ms, application-code: 70ms)
 GET /r7admindash 200 in 115ms (next.js: 7ms, application-code: 109ms)
 GET /r7admindash 200 in 130ms (next.js: 4ms, application-code: 126ms)
 GET /r7admindash 200 in 110ms (next.js: 5ms, application-code: 104ms)
 GET /r7admindash 200 in 88ms (next.js: 4ms, application-code: 84ms)
 GET /r7admindash 200 in 88ms (next.js: 23ms, application-code: 65ms)
 GET /r7admindash 200 in 69ms (next.js: 4ms, application-code: 65ms)
 GET /r7admindash 200 in 106ms (next.js: 3ms, application-code: 103ms)
 GET /r7admindash 200 in 129ms (next.js: 4ms, application-code: 125ms)
 GET /r7admindash 200 in 107ms (next.js: 5ms, application-code: 101ms)
 GET /r7admindash 200 in 106ms (next.js: 23ms, application-code: 83ms)
 GET /r7admindash 200 in 87ms (next.js: 22ms, application-code: 66ms)
 GET /r7admindash 200 in 72ms (next.js: 3ms, application-code: 68ms)
 GET /r7admindash 200 in 116ms (next.js: 4ms, application-code: 112ms)
 GET /r7admindash 200 in 139ms (next.js: 4ms, application-code: 135ms)
 GET /r7admindash 200 in 118ms (next.js: 5ms, application-code: 113ms)
 GET /r7admindash 200 in 117ms (next.js: 24ms, application-code: 93ms)
 GET /r7admindash 200 in 91ms (next.js: 4ms, application-code: 87ms)
 GET /r7admindash 200 in 92ms (next.js: 23ms, application-code: 68ms)
 GET /r7admindash 200 in 110ms (next.js: 4ms, application-code: 106ms)
 GET /r7admindash 200 in 125ms (next.js: 4ms, application-code: 121ms)
 GET /r7admindash 200 in 105ms (next.js: 4ms, application-code: 101ms)
 GET /r7admindash 200 in 105ms (next.js: 22ms, application-code: 82ms)
 GET /r7admindash 200 in 105ms (next.js: 22ms, application-code: 84ms)
 GET /r7admindash 200 in 114ms (next.js: 6ms, application-code: 107ms)
 GET /r7admindash 200 in 113ms (next.js: 3ms, application-code: 110ms)
 GET /r7admindash 200 in 116ms (next.js: 4ms, application-code: 113ms)
 GET /r7admindash 200 in 95ms (next.js: 4ms, application-code: 91ms)
 GET /r7admindash 200 in 95ms (next.js: 23ms, application-code: 72ms)
 GET /r7admindash 200 in 53ms (next.js: 3ms, application-code: 50ms)
 GET /r7admindash 200 in 31ms (next.js: 4ms, application-code: 27ms)
✓ Compiled in 46ms
 GET /r7admindash 200 in 103ms (next.js: 83ms, application-code: 20ms)
 GET /about 200 in 104ms (next.js: 51ms, application-code: 54ms)
[browser] Image with src "/icons/tesdabuilding.png" has "fill" but is missing "sizes" prop. Please add it to improve page performance. Read more: https://nextjs.org/docs/api-reference/next/image#sizes
[browser] Image with src "/icons/tlogo.png" has either width or height modified, but not the other. If you use CSS to change the size of your image, also include the styles 'width: "auto"' or 'height: "auto"' to maintain the aspect ratio.
[browser] Image with src "/icons/blogo.png" has either width or height modified, but not the other. If you use CSS to change the size of your image, also include the styles 'width: "auto"' or 'height: "auto"' to maintain the aspect ratio.
 GET /r7admindash 200 in 106ms (next.js: 37ms, application-code: 69ms)
 GET /services 200 in 675ms (next.js: 488ms, application-code: 188ms)
 GET /services 200 in 56ms (next.js: 12ms, application-code: 43ms)
✓ Compiled in 385ms
⚠ Fast Refresh had to perform a full reload when ./node_modules/next/dist/client/image-component.js changed. Read more: https://nextjs.org/docs/messages/fast-refresh-reload
 GET /services 200 in 895ms (next.js: 262ms, application-code: 633ms)
 GET /services 200 in 97ms (next.js: 47ms, application-code: 50ms)
 GET /r7admindash 200 in 1001ms (next.js: 118ms, application-code: 882ms)
 GET /r7admindash 200 in 207ms (next.js: 8ms, application-code: 199ms)
 GET /r7admindash 200 in 109ms (next.js: 6ms, application-code: 103ms)
 GET /r7admindash 200 in 109ms (next.js: 65ms, application-code: 43ms)
 GET /r7admindash 200 in 110ms (next.js: 34ms, application-code: 75ms)
 GET /services 200 in 1175ms (next.js: 318ms, application-code: 857ms)
 GET /r7admindash 200 in 175ms (next.js: 7ms, application-code: 168ms)
 GET /r7admindash 200 in 166ms (next.js: 8ms, application-code: 158ms)
 GET /r7admindash 200 in 164ms (next.js: 29ms, application-code: 135ms)
 GET /r7admindash 200 in 164ms (next.js: 60ms, application-code: 104ms)
 GET /r7admindash 200 in 164ms (next.js: 97ms, application-code: 67ms)
 GET /r7admindash 200 in 162ms (next.js: 6ms, application-code: 156ms)
 GET /r7admindash 200 in 136ms (next.js: 6ms, application-code: 129ms)
 GET /r7admindash 200 in 122ms (next.js: 5ms, application-code: 116ms)
 GET /r7admindash 200 in 122ms (next.js: 26ms, application-code: 96ms)
 GET /r7admindash 200 in 122ms (next.js: 47ms, application-code: 75ms)
 GET /r7admindash 200 in 101ms (next.js: 47ms, application-code: 53ms)
 GET /r7admindash 200 in 152ms (next.js: 5ms, application-code: 147ms)
 GET /r7admindash 200 in 131ms (next.js: 5ms, application-code: 126ms)
 GET /r7admindash 200 in 136ms (next.js: 5ms, application-code: 132ms)
 GET /r7admindash 200 in 113ms (next.js: 31ms, application-code: 82ms)
 GET /r7admindash 200 in 113ms (next.js: 55ms, application-code: 58ms)
 GET /r7admindash 200 in 138ms (next.js: 28ms, application-code: 109ms)
 GET /r7admindash 200 in 155ms (next.js: 4ms, application-code: 150ms)
 GET /r7admindash 200 in 126ms (next.js: 5ms, application-code: 120ms)
 GET /r7admindash 200 in 121ms (next.js: 4ms, application-code: 117ms)
 GET /r7admindash 200 in 121ms (next.js: 26ms, application-code: 95ms)
 GET /r7admindash 200 in 103ms (next.js: 4ms, application-code: 99ms)
 GET /r7admindash 200 in 103ms (next.js: 24ms, application-code: 78ms)
 GET /r7admindash 200 in 167ms (next.js: 4ms, application-code: 163ms)
 GET /r7admindash 200 in 146ms (next.js: 5ms, application-code: 141ms)
 GET /r7admindash 200 in 144ms (next.js: 6ms, application-code: 139ms)
 GET /r7admindash 200 in 143ms (next.js: 39ms, application-code: 104ms)
 GET /r7admindash 200 in 135ms (next.js: 30ms, application-code: 105ms)
 GET /r7admindash 200 in 111ms (next.js: 28ms, application-code: 84ms)
 GET /r7admindash 200 in 159ms (next.js: 5ms, application-code: 154ms)
 GET /r7admindash 200 in 134ms (next.js: 5ms, application-code: 129ms)
 GET /r7admindash 200 in 137ms (next.js: 5ms, application-code: 133ms)
 GET /r7admindash 200 in 146ms (next.js: 5ms, application-code: 141ms)
 GET /r7admindash 200 in 146ms (next.js: 25ms, application-code: 121ms)
 GET /r7admindash 200 in 124ms (next.js: 4ms, application-code: 119ms)
 GET /r7admindash 200 in 168ms (next.js: 4ms, application-code: 164ms)
 GET /r7admindash 200 in 139ms (next.js: 5ms, application-code: 134ms)
 GET /r7admindash 200 in 129ms (next.js: 5ms, application-code: 124ms)
 GET /r7admindash 200 in 124ms (next.js: 5ms, application-code: 119ms)
 GET /r7admindash 200 in 124ms (next.js: 28ms, application-code: 96ms)
 GET /r7admindash 200 in 81ms (next.js: 4ms, application-code: 76ms)
 GET /r7admindash 200 in 147ms (next.js: 4ms, application-code: 143ms)
 GET /r7admindash 200 in 126ms (next.js: 5ms, application-code: 121ms)
 GET /r7admindash 200 in 179ms (next.js: 4ms, application-code: 175ms)
 GET /r7admindash 200 in 157ms (next.js: 8ms, application-code: 149ms)
 GET /r7admindash 200 in 154ms (next.js: 25ms, application-code: 129ms)
 GET /r7admindash 200 in 134ms (next.js: 23ms, application-code: 111ms)
 GET /r7admindash 200 in 199ms (next.js: 7ms, application-code: 192ms)
 GET /r7admindash 200 in 200ms (next.js: 34ms, application-code: 166ms)
 GET /r7admindash 200 in 131ms (next.js: 8ms, application-code: 123ms)
 GET /r7admindash 200 in 133ms (next.js: 32ms, application-code: 101ms)
 GET /r7admindash 200 in 106ms (next.js: 28ms, application-code: 78ms)
 GET /r7admindash 200 in 84ms (next.js: 27ms, application-code: 58ms)
✓ Compiled in 80ms
 GET /r7admindash 200 in 316ms (next.js: 177ms, application-code: 138ms)
 GET /r7admindash 200 in 302ms (next.js: 192ms, application-code: 110ms)
 GET /r7admindash 200 in 302ms (next.js: 210ms, application-code: 92ms)
 GET /r7admindash 200 in 316ms (next.js: 242ms, application-code: 74ms)
 GET /r7admindash 200 in 307ms (next.js: 258ms, application-code: 49ms)
 GET /r7admindash 200 in 304ms (next.js: 275ms, application-code: 29ms)
 GET /r7admindash 200 in 138ms (next.js: 6ms, application-code: 132ms)
 GET /r7admindash 200 in 137ms (next.js: 69ms, application-code: 68ms)
 GET /r7admindash 200 in 138ms (next.js: 27ms, application-code: 111ms)
 GET /r7admindash 200 in 137ms (next.js: 88ms, application-code: 49ms)
 GET /r7admindash 200 in 138ms (next.js: 50ms, application-code: 89ms)
 GET /r7admindash 200 in 138ms (next.js: 108ms, application-code: 30ms)
 GET /r7admindash 200 in 153ms (next.js: 7ms, application-code: 146ms)
 GET /r7admindash 200 in 152ms (next.js: 101ms, application-code: 51ms)
 GET /r7admindash 200 in 153ms (next.js: 30ms, application-code: 124ms)
 GET /r7admindash 200 in 152ms (next.js: 126ms, application-code: 26ms)
 GET /r7admindash 200 in 153ms (next.js: 68ms, application-code: 85ms)
 GET /r7admindash 200 in 154ms (next.js: 49ms, application-code: 105ms)
 GET /r7admindash 200 in 148ms (next.js: 6ms, application-code: 142ms)
 GET /r7admindash 200 in 148ms (next.js: 28ms, application-code: 120ms)
 GET /r7admindash 200 in 147ms (next.js: 77ms, application-code: 70ms)
 GET /r7admindash 200 in 147ms (next.js: 117ms, application-code: 30ms)
 GET /r7admindash 200 in 148ms (next.js: 97ms, application-code: 51ms)
 GET /r7admindash 200 in 149ms (next.js: 54ms, application-code: 95ms)
 GET /r7admindash 200 in 133ms (next.js: 5ms, application-code: 128ms)
 GET /r7admindash 200 in 134ms (next.js: 25ms, application-code: 109ms)
 GET /r7admindash 200 in 133ms (next.js: 85ms, application-code: 48ms)
 GET /r7admindash 200 in 134ms (next.js: 44ms, application-code: 90ms)
 GET /r7admindash 200 in 134ms (next.js: 63ms, application-code: 72ms)
 GET /r7admindash 200 in 134ms (next.js: 107ms, application-code: 27ms)
 GET /r7admindash 200 in 232ms (next.js: 6ms, application-code: 225ms)
 GET /r7admindash 200 in 232ms (next.js: 36ms, application-code: 195ms)
 GET /r7admindash 200 in 231ms (next.js: 159ms, application-code: 72ms)
 GET /r7admindash 200 in 232ms (next.js: 140ms, application-code: 92ms)
 GET /r7admindash 200 in 232ms (next.js: 181ms, application-code: 51ms)
 GET /r7admindash 200 in 141ms (next.js: 4ms, application-code: 137ms)
 GET /r7admindash 200 in 138ms (next.js: 4ms, application-code: 134ms)
 GET /r7admindash 200 in 138ms (next.js: 24ms, application-code: 114ms)
 GET /r7admindash 200 in 118ms (next.js: 44ms, application-code: 75ms)
 GET /r7admindash 200 in 139ms (next.js: 43ms, application-code: 95ms)
 GET /r7admindash 200 in 119ms (next.js: 69ms, application-code: 49ms)
 GET /r7admindash 200 in 59ms (next.js: 4ms, application-code: 55ms)
 GET /r7admindash 200 in 29ms (next.js: 4ms, application-code: 25ms)
 GET /issuances 200 in 57ms (next.js: 33ms, application-code: 24ms)
 GET /r7admindash 200 in 20ms (next.js: 3ms, application-code: 17ms)
 GET /issuances 200 in 24ms (next.js: 4ms, application-code: 19ms)
[browser] Image with src "/icons/tlogo.png" has either width or height modified, but not the other. If you use CSS to change the size of your image, also include the styles 'width: "auto"' or 'height: "auto"' to maintain the aspect ratio.
[browser] Image with src "/icons/blogo.png" has either width or height modified, but not the other. If you use CSS to change the size of your image, also include the styles 'width: "auto"' or 'height: "auto"' to maintain the aspect ratio.
✓ Compiled in 123ms
✓ Compiled in 167ms
 GET /issuances 200 in 270ms (next.js: 69ms, application-code: 201ms)
 GET /issuances 200 in 107ms (next.js: 4ms, application-code: 103ms)
 GET /services 200 in 439ms (next.js: 155ms, application-code: 285ms)
 GET /issuances 200 in 172ms (next.js: 5ms, application-code: 167ms)
 GET /services 200 in 217ms (next.js: 5ms, application-code: 213ms)
 GET /issuances 200 in 141ms (next.js: 6ms, application-code: 134ms)
 GET /services 200 in 109ms (next.js: 6ms, application-code: 104ms)
 GET /services 200 in 43ms (next.js: 5ms, application-code: 38ms)
✓ Compiled in 46ms
 GET /issuances 200 in 175ms (next.js: 60ms, application-code: 115ms)
 GET /issuances 200 in 52ms (next.js: 3ms, application-code: 49ms)
 GET /services 200 in 178ms (next.js: 92ms, application-code: 86ms)
 GET /services 200 in 54ms (next.js: 25ms, application-code: 29ms)
 GET /r7admindash 200 in 30ms (next.js: 10ms, application-code: 20ms)
✓ Compiled in 91ms
✓ Compiled in 60ms
 GET /r7admindash 200 in 247ms (next.js: 55ms, application-code: 191ms)
 GET /r7admindash 200 in 92ms (next.js: 3ms, application-code: 88ms)
 GET /r7admindash 200 in 65ms (next.js: 4ms, application-code: 62ms)
 GET /r7admindash 200 in 66ms (next.js: 23ms, application-code: 42ms)
 GET /services 200 in 317ms (next.js: 128ms, application-code: 188ms)
 GET /services 200 in 206ms (next.js: 22ms, application-code: 184ms)
 GET /r7admindash 200 in 117ms (next.js: 4ms, application-code: 113ms)
 GET /r7admindash 200 in 142ms (next.js: 4ms, application-code: 138ms)
 GET /r7admindash 200 in 154ms (next.js: 4ms, application-code: 150ms)
 GET /r7admindash 200 in 161ms (next.js: 6ms, application-code: 154ms)
 GET /r7admindash 200 in 175ms (next.js: 4ms, application-code: 171ms)
 GET /r7admindash 200 in 184ms (next.js: 4ms, application-code: 179ms)
 GET /services 200 in 213ms (next.js: 6ms, application-code: 207ms)
 GET /services 200 in 181ms (next.js: 4ms, application-code: 177ms)
 GET /services 200 in 186ms (next.js: 4ms, application-code: 182ms)
 GET /services 200 in 215ms (next.js: 41ms, application-code: 174ms)
 GET /services 200 in 145ms (next.js: 5ms, application-code: 141ms)
 GET /services 200 in 105ms (next.js: 4ms, application-code: 101ms)
 GET /services 200 in 72ms (next.js: 4ms, application-code: 68ms)
 GET /services 200 in 36ms (next.js: 4ms, application-code: 31ms)
✓ Compiled in 260ms
 GET /services 200 in 373ms (next.js: 64ms, application-code: 309ms)
 GET /services 200 in 2.4s (next.js: 113ms, application-code: 2.3s)
 GET /services 200 in 530ms (next.js: 34ms, application-code: 496ms)
 GET /r7admindash 200 in 532ms (next.js: 99ms, application-code: 433ms)
 GET /r7admindash 200 in 2.4s (next.js: 1611ms, application-code: 800ms)
 GET /r7admindash 200 in 226ms (next.js: 30ms, application-code: 196ms)
 GET /services 200 in 229ms (next.js: 4ms, application-code: 225ms)
✓ Compiled in 47ms
 GET /r7admindash 200 in 113ms (next.js: 56ms, application-code: 57ms)
 GET /services 200 in 114ms (next.js: 82ms, application-code: 33ms)
✓ Compiled in 102ms
 GET /r7admindash 200 in 511ms (next.js: 116ms, application-code: 395ms)
 GET /r7admindash 200 in 366ms (next.js: 297ms, application-code: 69ms)
 GET /r7admindash 200 in 467ms (next.js: 4ms, application-code: 463ms)
 GET /services 200 in 617ms (next.js: 33ms, application-code: 584ms)
 GET /services 200 in 474ms (next.js: 267ms, application-code: 207ms)
 GET /services 200 in 257ms (next.js: 5ms, application-code: 251ms)
 GET /services 200 in 215ms (next.js: 5ms, application-code: 210ms)
 GET /services 200 in 215ms (next.js: 60ms, application-code: 154ms)
 GET /services 200 in 119ms (next.js: 5ms, application-code: 113ms)
 GET /services 200 in 118ms (next.js: 38ms, application-code: 80ms)
 GET /services 200 in 46ms (next.js: 4ms, application-code: 42ms)
✓ Compiled in 46ms
 GET /r7admindash 200 in 143ms (next.js: 38ms, application-code: 104ms)
 GET /services 200 in 144ms (next.js: 110ms, application-code: 34ms)
✓ Compiled in 107ms
 GET /r7admindash 200 in 272ms (next.js: 35ms, application-code: 237ms)
 GET /r7admindash 200 in 122ms (next.js: 4ms, application-code: 118ms)
 GET /r7admindash 200 in 137ms (next.js: 4ms, application-code: 133ms)
 GET /r7admindash 200 in 138ms (next.js: 30ms, application-code: 109ms)
 GET /services 200 in 371ms (next.js: 114ms, application-code: 257ms)
 GET /services 200 in 245ms (next.js: 7ms, application-code: 238ms)
 GET /r7admindash 200 in 148ms (next.js: 6ms, application-code: 142ms)
 GET /r7admindash 200 in 129ms (next.js: 5ms, application-code: 124ms)
 GET /r7admindash 200 in 165ms (next.js: 4ms, application-code: 162ms)
 GET /r7admindash 200 in 145ms (next.js: 4ms, application-code: 142ms)
 GET /services 200 in 205ms (next.js: 3ms, application-code: 202ms)
 GET /services 200 in 177ms (next.js: 4ms, application-code: 173ms)
 GET /services 200 in 151ms (next.js: 4ms, application-code: 147ms)
 GET /services 200 in 121ms (next.js: 4ms, application-code: 116ms)
 GET /services 200 in 89ms (next.js: 4ms, application-code: 84ms)
 GET /services 200 in 58ms (next.js: 8ms, application-code: 50ms)
 GET /r7admindash 200 in 9ms (next.js: 3ms, application-code: 6ms)
 GET /r7admindash 200 in 20ms (next.js: 3ms, application-code: 17ms)
 GET /issuances 200 in 89ms (next.js: 66ms, application-code: 22ms)
 GET /r7admindash 200 in 21ms (next.js: 4ms, application-code: 17ms)
[browser] Image with src "/icons/tlogo.png" has either width or height modified, but not the other. If you use CSS to change the size of your image, also include the styles 'width: "auto"' or 'height: "auto"' to maintain the aspect ratio.
[browser] Image with src "/icons/blogo.png" has either width or height modified, but not the other. If you use CSS to change the size of your image, also include the styles 'width: "auto"' or 'height: "auto"' to maintain the aspect ratio.
 GET /issuances 200 in 21ms (next.js: 4ms, application-code: 17ms)
 GET /issuances 200 in 250ms (next.js: 3ms, application-code: 247ms)
✓ Compiled in 58ms
 GET /issuances 200 in 99ms (next.js: 71ms, application-code: 28ms)
✓ Compiled in 59ms
 GET /issuances 200 in 99ms (next.js: 67ms, application-code: 33ms)
✓ Compiled in 87ms
 GET /issuances 200 in 212ms (next.js: 91ms, application-code: 121ms)
 GET /issuances 200 in 84ms (next.js: 4ms, application-code: 81ms)
 GET /issuances 200 in 54ms (next.js: 4ms, application-code: 49ms)
 GET /issuances 200 in 54ms (next.js: 25ms, application-code: 28ms)
 GET /issuances 200 in 237ms (next.js: 4ms, application-code: 233ms)
✓ Compiled in 94ms
 GET /issuances 200 in 153ms (next.js: 60ms, application-code: 94ms)
 GET /issuances 200 in 71ms (next.js: 3ms, application-code: 67ms)
 GET /issuances 200 in 50ms (next.js: 4ms, application-code: 46ms)
 GET /issuances 200 in 50ms (next.js: 25ms, application-code: 25ms)
✓ Compiled in 70ms
 GET /issuances 200 in 187ms (next.js: 64ms, application-code: 123ms)
 GET /issuances 200 in 98ms (next.js: 4ms, application-code: 94ms)
 GET /issuances 200 in 71ms (next.js: 4ms, application-code: 67ms)
 GET /issuances 200 in 71ms (next.js: 25ms, application-code: 46ms)
 GET /issuances 200 in 71ms (next.js: 46ms, application-code: 25ms)
✓ Compiled in 44ms
 GET /issuances 200 in 86ms (next.js: 62ms, application-code: 24ms)
 GET /issuances 200 in 242ms (next.js: 4ms, application-code: 237ms)
✓ Compiled in 63ms
 GET /issuances 200 in 128ms (next.js: 72ms, application-code: 55ms)
 GET /issuances 200 in 24ms (next.js: 3ms, application-code: 21ms)
 GET /nttc-registry 200 in 52ms (next.js: 32ms, application-code: 19ms)
 GET /issuances 200 in 20ms (next.js: 3ms, application-code: 17ms)
✓ Compiled in 158ms
 GET /issuances 200 in 97ms (next.js: 44ms, application-code: 53ms)
 GET /issuances 200 in 27ms (next.js: 3ms, application-code: 23ms)
 GET /issuances 200 in 285ms (next.js: 5ms, application-code: 280ms)
 GET /issuances 200 in 70ms (next.js: 46ms, application-code: 25ms)
 GET /issuances 200 in 69ms (next.js: 47ms, application-code: 22ms)
 GET /issuances 200 in 101ms (next.js: 38ms, application-code: 64ms)
 GET /issuances 200 in 44ms (next.js: 3ms, application-code: 41ms)
 GET /issuances 200 in 21ms (next.js: 3ms, application-code: 18ms)
 GET /r7admindash 200 in 35ms (next.js: 15ms, application-code: 19ms)
✓ Compiled in 59ms
 GET /r7admindash 200 in 74ms (next.js: 47ms, application-code: 26ms)
✓ Compiled in 42ms
 GET /r7admindash 200 in 71ms (next.js: 46ms, application-code: 26ms)
✓ Compiled in 59ms
 GET /r7admindash 200 in 78ms (next.js: 52ms, application-code: 27ms)
✓ Compiled in 52ms
 GET /r7admindash 200 in 68ms (next.js: 42ms, application-code: 26ms)
✓ Compiled in 53ms
 GET /r7admindash 200 in 71ms (next.js: 44ms, application-code: 27ms)
✓ Compiled in 101ms
 GET /r7admindash 200 in 448ms (next.js: 44ms, application-code: 404ms)
 GET /r7admindash 200 in 44ms (next.js: 7ms, application-code: 37ms)
 GET /r7admindash 200 in 474ms (next.js: 74ms, application-code: 400ms)
 GET /issuances 200 in 98ms (next.js: 74ms, application-code: 24ms)
✓ Compiled in 50ms
 GET /issuances 200 in 92ms (next.js: 67ms, application-code: 25ms)
✓ Compiled in 66ms
 GET /issuances 200 in 91ms (next.js: 66ms, application-code: 25ms)
✓ Compiled in 41ms
 GET /issuances 200 in 92ms (next.js: 68ms, application-code: 24ms)
✓ Compiled in 50ms
 GET /issuances 200 in 87ms (next.js: 62ms, application-code: 25ms)
✓ Compiled in 56ms
 GET /issuances 200 in 88ms (next.js: 61ms, application-code: 27ms)
✓ Compiled in 42ms
 GET /issuances 200 in 90ms (next.js: 66ms, application-code: 24ms)
✓ Compiled in 57ms
 GET /issuances 200 in 91ms (next.js: 67ms, application-code: 24ms)
✓ Compiled in 43ms
 GET /issuances 200 in 85ms (next.js: 64ms, application-code: 21ms)
✓ Compiled in 51ms
 GET /issuances 200 in 87ms (next.js: 63ms, application-code: 25ms)
✓ Compiled in 50ms
 GET /issuances 200 in 87ms (next.js: 66ms, application-code: 21ms)
✓ Compiled in 55ms
 GET /issuances 200 in 90ms (next.js: 65ms, application-code: 26ms)
✓ Compiled in 49ms
 GET /issuances 200 in 86ms (next.js: 60ms, application-code: 26ms)
✓ Compiled in 52ms
 GET /issuances 200 in 89ms (next.js: 63ms, application-code: 26ms)
✓ Compiled in 43ms
 GET /issuances 200 in 94ms (next.js: 67ms, application-code: 26ms)
✓ Compiled in 46ms
 GET /issuances 200 in 83ms (next.js: 60ms, application-code: 23ms)
✓ Compiled in 53ms
 GET /issuances 200 in 100ms (next.js: 70ms, application-code: 30ms)
✓ Compiled in 191ms
 GET /issuances 200 in 182ms (next.js: 66ms, application-code: 116ms)
 GET /issuances 200 in 88ms (next.js: 4ms, application-code: 84ms)
 GET /issuances 200 in 61ms (next.js: 31ms, application-code: 30ms)
 GET /issuances 200 in 62ms (next.js: 5ms, application-code: 58ms)
✓ Compiled in 48ms
 GET /issuances 200 in 92ms (next.js: 66ms, application-code: 26ms)
✓ Compiled in 51ms
 GET /issuances 200 in 86ms (next.js: 66ms, application-code: 20ms)
✓ Compiled in 46ms
 GET /issuances 200 in 83ms (next.js: 61ms, application-code: 22ms)
✓ Compiled in 46ms
 GET /issuances 200 in 87ms (next.js: 66ms, application-code: 21ms)
✓ Compiled in 130ms
⨯ ./components/issuances/IssuancesTable.tsx:294:17
Expected '</', got ')'
  [90m292 |[0m                     </td>
  [90m293 |[0m                   </tr>
[31m[1m>[0m [90m294 |[0m                 );
  [90m    |[0m                 [31m[1m^[0m
  [90m295 |[0m               })
  [90m296 |[0m             )}
  [90m297 |[0m           </tbody>

Parsing ecmascript source code failed

Import trace:
  Server Component:
    ./components/issuances/IssuancesTable.tsx
    ./app/(admin)/issuances/page.tsx


[browser] ./components/issuances/IssuancesTable.tsx:294:17
Expected '</', got ')'
  292 |                     </td>
  293 |                   </tr>
> 294 |                 );
      |                 ^
  295 |               })
  296 |             )}
  297 |           </tbody>

Parsing ecmascript source code failed

Import trace:
  Server Component:
    ./components/issuances/IssuancesTable.tsx
    ./app/(admin)/issuances/page.tsx 
[browser] ./components/issuances/IssuancesTable.tsx:294:17
Expected '</', got ')'
  292 |                     </td>
  293 |                   </tr>
> 294 |                 );
      |                 ^
  295 |               })
  296 |             )}
  297 |           </tbody>

Parsing ecmascript source code failed

Import trace:
  Server Component:
    ./components/issuances/IssuancesTable.tsx
    ./app/(admin)/issuances/page.tsx 
[browser] ./components/issuances/IssuancesTable.tsx:294:17
Expected '</', got ')'
  292 |                     </td>
  293 |                   </tr>
> 294 |                 );
      |                 ^
  295 |               })
  296 |             )}
  297 |           </tbody>

Parsing ecmascript source code failed

Import trace:
  Server Component:
    ./components/issuances/IssuancesTable.tsx
    ./app/(admin)/issuances/page.tsx 
[browser] ./components/issuances/IssuancesTable.tsx:294:17
Expected '</', got ')'
  292 |                     </td>
  293 |                   </tr>
> 294 |                 );
      |                 ^
  295 |               })
  296 |             )}
  297 |           </tbody>

Parsing ecmascript source code failed

Import trace:
  Server Component:
    ./components/issuances/IssuancesTable.tsx
    ./app/(admin)/issuances/page.tsx 
[browser] ./components/issuances/IssuancesTable.tsx:294:17
Expected '</', got ')'
  292 |                     </td>
  293 |                   </tr>
> 294 |                 );
      |                 ^
  295 |               })
  296 |             )}
  297 |           </tbody>

Parsing ecmascript source code failed

Import trace:
  Server Component:
    ./components/issuances/IssuancesTable.tsx
    ./app/(admin)/issuances/page.tsx 
 GET /issuances 500 in 933ms (next.js: 790ms, application-code: 144ms)
⨯ ./components/issuances/IssuancesTable.tsx:294:17
Expected '</', got ')'
  [90m292 |[0m                     </td>
  [90m293 |[0m                   </tr>
[31m[1m>[0m [90m294 |[0m                 );
  [90m    |[0m                 [31m[1m^[0m
  [90m295 |[0m               })
  [90m296 |[0m             )}
  [90m297 |[0m           </tbody>

Parsing ecmascript source code failed

Import trace:
  Server Component:
    ./components/issuances/IssuancesTable.tsx
    ./app/(admin)/issuances/page.tsx


⨯ ./components/issuances/IssuancesTable.tsx:294:17
Expected '</', got ')'
  [90m292 |[0m                     </td>
  [90m293 |[0m                   </tr>
[31m[1m>[0m [90m294 |[0m                 );
  [90m    |[0m                 [31m[1m^[0m
  [90m295 |[0m               })
  [90m296 |[0m             )}
  [90m297 |[0m           </tbody>

Parsing ecmascript source code failed

Import trace:
  Server Component:
    ./components/issuances/IssuancesTable.tsx
    ./app/(admin)/issuances/page.tsx


 GET /issuances 500 in 24ms (next.js: 11ms, application-code: 13ms)
 GET /issuances 500 in 26ms (next.js: 18ms, application-code: 9ms)
[browser] Uncaught Error: ./components/issuances/IssuancesTable.tsx:294:17
Expected '</', got ')'
  292 |                     </td>
  293 |                   </tr>
> 294 |                 );
      |                 ^
  295 |               })
  296 |             )}
  297 |           </tbody>

Parsing ecmascript source code failed

Import trace:
  Server Component:
    ./components/issuances/IssuancesTable.tsx
    ./app/(admin)/issuances/page.tsx


    at <unknown> (Error: ./components/issuances/IssuancesTable.tsx:294:17)
    at <unknown> (Error: (./components/issuances/IssuancesTable.tsx:294:17)
[browser] ./components/issuances/IssuancesTable.tsx:294:17
Expected '</', got ')'
  292 |                     </td>
  293 |                   </tr>
> 294 |                 );
      |                 ^
  295 |               })
  296 |             )}
  297 |           </tbody>

Parsing ecmascript source code failed

Import trace:
  Server Component:
    ./components/issuances/IssuancesTable.tsx
    ./app/(admin)/issuances/page.tsx 
[browser] ./components/issuances/IssuancesTable.tsx:294:17
Expected '</', got ')'
  292 |                     </td>
  293 |                   </tr>
> 294 |                 );
      |                 ^
  295 |               })
  296 |             )}
  297 |           </tbody>

Parsing ecmascript source code failed

Import trace:
  Server Component:
    ./components/issuances/IssuancesTable.tsx
    ./app/(admin)/issuances/page.tsx 
 GET /issuances 200 in 724ms (next.js: 412ms, application-code: 312ms)
 GET /issuances 200 in 46ms (next.js: 4ms, application-code: 42ms)
✓ Compiled in 180ms
 GET /issuances 200 in 169ms (next.js: 66ms, application-code: 102ms)
 GET /issuances 200 in 74ms (next.js: 4ms, application-code: 71ms)
 GET /issuances 200 in 51ms (next.js: 4ms, application-code: 47ms)
 GET /issuances 200 in 51ms (next.js: 23ms, application-code: 28ms)
 GET /issuances 200 in 264ms (next.js: 134ms, application-code: 129ms)
 GET /issuances 200 in 126ms (next.js: 3ms, application-code: 122ms)
 GET /issuances 200 in 105ms (next.js: 4ms, application-code: 100ms)
 GET /issuances 200 in 105ms (next.js: 22ms, application-code: 83ms)
 GET /issuances 200 in 105ms (next.js: 39ms, application-code: 65ms)
 GET /issuances 200 in 105ms (next.js: 61ms, application-code: 44ms)
 GET /issuances 200 in 114ms (next.js: 4ms, application-code: 111ms)
 GET /issuances 200 in 94ms (next.js: 5ms, application-code: 89ms)
 GET /issuances 200 in 70ms (next.js: 5ms, application-code: 66ms)
 GET /issuances 200 in 70ms (next.js: 25ms, application-code: 45ms)
 GET /issuances 200 in 50ms (next.js: 25ms, application-code: 24ms)
✓ Compiled in 159ms
✓ Compiled in 81ms
⚠ Fast Refresh had to perform a full reload when ./lib/roles.ts changed. Read more: https://nextjs.org/docs/messages/fast-refresh-reload
 GET /issuances 200 in 436ms (next.js: 74ms, application-code: 362ms)
 GET /issuances 200 in 333ms (next.js: 4ms, application-code: 329ms)
✓ Compiled in 52ms
 GET /issuances 200 in 106ms (next.js: 78ms, application-code: 28ms)
✓ Compiled in 69ms
 GET /issuances 200 in 115ms (next.js: 81ms, application-code: 33ms)
✓ Compiled in 48ms
 GET /issuances 200 in 108ms (next.js: 80ms, application-code: 28ms)
✓ Compiled in 53ms
 GET /issuances 200 in 106ms (next.js: 72ms, application-code: 33ms)
✓ Compiled in 56ms
 GET /issuances 200 in 105ms (next.js: 75ms, application-code: 30ms)
 GET /issuances 200 in 77ms (next.js: 46ms, application-code: 31ms)
 GET /issuances 200 in 74ms (next.js: 42ms, application-code: 32ms)
✓ Compiled in 55ms
 GET /issuances 200 in 131ms (next.js: 76ms, application-code: 54ms)
 GET /issuances 200 in 27ms (next.js: 3ms, application-code: 23ms)
 GET /nttc-registry 200 in 86ms (next.js: 61ms, application-code: 25ms)
 GET /issuances 200 in 21ms (next.js: 4ms, application-code: 17ms)
 GET /nttc-registry 200 in 22ms (next.js: 4ms, application-code: 18ms)
 GET /issuances 200 in 24ms (next.js: 4ms, application-code: 20ms)
 GET /nttc-registry 200 in 20ms (next.js: 4ms, application-code: 17ms)
 GET /r7admindash 200 in 99ms (next.js: 77ms, application-code: 22ms)
 GET /applications/PO-1781853047181/preview 200 in 897ms (next.js: 583ms, application-code: 314ms)
✓ Compiled in 88ms
 GET /r7admindash 200 in 160ms (next.js: 43ms, application-code: 117ms)
 GET /r7admindash 200 in 88ms (next.js: 4ms, application-code: 84ms)
 GET /applications/PO-1781853047181/preview 200 in 88ms (next.js: 39ms, application-code: 50ms)
 GET /applications/PO-1781853047181/preview 200 in 27ms (next.js: 4ms, application-code: 23ms)
✓ Compiled in 153ms
 GET /r7admindash 200 in 305ms (next.js: 56ms, application-code: 250ms)
 GET /applications/PO-1781853047181/preview 200 in 217ms (next.js: 116ms, application-code: 101ms)
 GET /r7admindash 200 in 219ms (next.js: 6ms, application-code: 213ms)
 GET /r7admindash 200 in 115ms (next.js: 5ms, application-code: 110ms)
 GET /r7admindash 200 in 115ms (next.js: 28ms, application-code: 87ms)
 GET /applications/PO-1781853047181/preview 200 in 90ms (next.js: 5ms, application-code: 85ms)
 GET /applications/PO-1781853047181/preview 200 in 82ms (next.js: 5ms, application-code: 77ms)
 GET /applications/PO-1781853047181/preview 200 in 44ms (next.js: 5ms, application-code: 39ms)
 GET /applications/PO-1781853047181/preview 200 in 285ms (next.js: 14ms, application-code: 272ms)
✓ Compiled in 46ms
 GET /r7admindash 200 in 263ms (next.js: 51ms, application-code: 212ms)
 GET /r7admindash 200 in 188ms (next.js: 4ms, application-code: 184ms)
 GET /applications/PO-1781853047181/preview 200 in 189ms (next.js: 81ms, application-code: 108ms)
 GET /r7admindash 200 in 110ms (next.js: 5ms, application-code: 105ms)
 GET /r7admindash 200 in 112ms (next.js: 25ms, application-code: 87ms)
 GET /applications/PO-1781853047181/preview 200 in 120ms (next.js: 5ms, application-code: 115ms)
 GET /applications/PO-1781853047181/preview 200 in 142ms (next.js: 5ms, application-code: 137ms)
 GET /applications/PO-1781853047181/preview 200 in 134ms (next.js: 6ms, application-code: 129ms)
 GET /applications/PO-1781853047181/preview 200 in 133ms (next.js: 31ms, application-code: 102ms)
 GET /applications/PO-1781853047181/preview 200 in 81ms (next.js: 5ms, application-code: 76ms)
 GET /applications/PO-1781853047181/preview 200 in 81ms (next.js: 26ms, application-code: 55ms)
 GET /applications/PO-1781853047181/preview 200 in 31ms (next.js: 5ms, application-code: 25ms)
✓ Compiled in 77ms
 GET /r7admindash 200 in 258ms (next.js: 48ms, application-code: 210ms)
 GET /r7admindash 200 in 189ms (next.js: 4ms, application-code: 185ms)
 GET /applications/PO-1781853047181/preview 200 in 190ms (next.js: 86ms, application-code: 105ms)
 GET /r7admindash 200 in 109ms (next.js: 5ms, application-code: 104ms)
 GET /r7admindash 200 in 109ms (next.js: 26ms, application-code: 83ms)
 GET /applications/PO-1781853047181/preview 200 in 114ms (next.js: 5ms, application-code: 109ms)
 GET /applications/PO-1781853047181/preview 200 in 158ms (next.js: 7ms, application-code: 151ms)
 GET /applications/PO-1781853047181/preview 200 in 128ms (next.js: 5ms, application-code: 124ms)
 GET /applications/PO-1781853047181/preview 200 in 102ms (next.js: 5ms, application-code: 97ms)
 GET /applications/PO-1781853047181/preview 200 in 77ms (next.js: 28ms, application-code: 49ms)
 GET /applications/PO-1781853047181/preview 200 in 78ms (next.js: 4ms, application-code: 74ms)
 GET /applications/PO-1781853047181/preview 200 in 28ms (next.js: 4ms, application-code: 24ms)
✓ Compiled in 65ms
 GET /r7admindash 200 in 285ms (next.js: 46ms, application-code: 239ms)
 GET /r7admindash 200 in 217ms (next.js: 5ms, application-code: 212ms)
 GET /applications/PO-1781853047181/preview 200 in 219ms (next.js: 88ms, application-code: 131ms)
 GET /r7admindash 200 in 145ms (next.js: 6ms, application-code: 139ms)
 GET /r7admindash 200 in 145ms (next.js: 29ms, application-code: 117ms)
 GET /applications/PO-1781853047181/preview 200 in 183ms (next.js: 6ms, application-code: 177ms)
 GET /applications/PO-1781853047181/preview 200 in 214ms (next.js: 7ms, application-code: 207ms)
 GET /applications/PO-1781853047181/preview 200 in 138ms (next.js: 7ms, application-code: 131ms)
 GET /applications/PO-1781853047181/preview 200 in 137ms (next.js: 35ms, application-code: 102ms)
 GET /applications/PO-1781853047181/preview 200 in 82ms (next.js: 4ms, application-code: 77ms)
 GET /applications/PO-1781853047181/preview 200 in 82ms (next.js: 27ms, application-code: 55ms)
 GET /applications/PO-1781853047181/preview 200 in 34ms (next.js: 4ms, application-code: 30ms)
✓ Compiled in 49ms
 GET /r7admindash 200 in 252ms (next.js: 50ms, application-code: 202ms)
 GET /r7admindash 200 in 204ms (next.js: 4ms, application-code: 200ms)
 GET /applications/PO-1781853047181/preview 200 in 205ms (next.js: 84ms, application-code: 121ms)
 GET /r7admindash 200 in 98ms (next.js: 5ms, application-code: 93ms)
 GET /r7admindash 200 in 98ms (next.js: 25ms, application-code: 73ms)
 GET /r7admindash 200 in 98ms (next.js: 49ms, application-code: 48ms)
 GET /r7admindash 200 in 81ms (next.js: 4ms, application-code: 77ms)
 GET /r7admindash 200 in 82ms (next.js: 5ms, application-code: 77ms)
 GET /applications/PO-1781853047181/preview 200 in 63ms (next.js: 3ms, application-code: 59ms)
 GET /applications/PO-1781853047181/preview 200 in 157ms (next.js: 4ms, application-code: 153ms)
 GET /applications/PO-1781853047181/preview 200 in 129ms (next.js: 7ms, application-code: 122ms)
 GET /applications/PO-1781853047181/preview 200 in 129ms (next.js: 28ms, application-code: 101ms)
 GET /applications/PO-1781853047181/preview 200 in 128ms (next.js: 54ms, application-code: 74ms)
 GET /applications/PO-1781853047181/preview 200 in 81ms (next.js: 5ms, application-code: 76ms)
 GET /applications/PO-1781853047181/preview 200 in 65ms (next.js: 3ms, application-code: 62ms)
 GET /applications/PO-1781853047181/preview 200 in 203ms (next.js: 5ms, application-code: 198ms)
 GET /applications/PO-1781853047181/preview 200 in 171ms (next.js: 6ms, application-code: 165ms)
 GET /applications/PO-1781853047181/preview 200 in 171ms (next.js: 28ms, application-code: 143ms)
 GET /applications/PO-1781853047181/preview 200 in 171ms (next.js: 50ms, application-code: 121ms)
 GET /applications/PO-1781853047181/preview 200 in 85ms (next.js: 8ms, application-code: 76ms)
 GET /applications/PO-1781853047181/preview 200 in 40ms (next.js: 6ms, application-code: 34ms)
✓ Compiled in 108ms
 GET /r7admindash 200 in 242ms (next.js: 47ms, application-code: 195ms)
 GET /applications/PO-1781853047181/preview 200 in 170ms (next.js: 63ms, application-code: 107ms)
 GET /r7admindash 200 in 86ms (next.js: 5ms, application-code: 81ms)
 GET /r7admindash 200 in 87ms (next.js: 5ms, application-code: 82ms)
 GET /applications/PO-1781853047181/preview 200 in 119ms (next.js: 4ms, application-code: 115ms)
 GET /r7admindash 200 in 150ms (next.js: 5ms, application-code: 145ms)
 GET /applications/PO-1781853047181/preview 200 in 148ms (next.js: 7ms, application-code: 141ms)
 GET /applications/PO-1781853047181/preview 200 in 119ms (next.js: 4ms, application-code: 114ms)
 GET /applications/PO-1781853047181/preview 200 in 116ms (next.js: 4ms, application-code: 112ms)
 GET /applications/PO-1781853047181/preview 200 in 88ms (next.js: 6ms, application-code: 82ms)
 GET /applications/PO-1781853047181/preview 200 in 59ms (next.js: 4ms, application-code: 55ms)
 GET /applications/PO-1781853047181/preview 200 in 30ms (next.js: 4ms, application-code: 25ms)
✓ Compiled in 60ms
 GET /r7admindash 200 in 255ms (next.js: 50ms, application-code: 205ms)
 GET /r7admindash 200 in 182ms (next.js: 87ms, application-code: 95ms)
 GET /applications/PO-1781853047181/preview 200 in 183ms (next.js: 62ms, application-code: 121ms)
 GET /r7admindash 200 in 78ms (next.js: 4ms, application-code: 74ms)
 GET /r7admindash 200 in 104ms (next.js: 26ms, application-code: 78ms)
 GET /applications/PO-1781853047181/preview 200 in 62ms (next.js: 4ms, application-code: 58ms)
 GET /applications/PO-1781853047181/preview 200 in 159ms (next.js: 4ms, application-code: 155ms)
 GET /applications/PO-1781853047181/preview 200 in 131ms (next.js: 6ms, application-code: 126ms)
 GET /applications/PO-1781853047181/preview 200 in 131ms (next.js: 27ms, application-code: 104ms)
 GET /applications/PO-1781853047181/preview 200 in 80ms (next.js: 5ms, application-code: 76ms)
 GET /applications/PO-1781853047181/preview 200 in 80ms (next.js: 26ms, application-code: 54ms)
 GET /applications/PO-1781853047181/preview 200 in 35ms (next.js: 4ms, application-code: 31ms)
✓ Compiled in 88ms
 GET /r7admindash 200 in 272ms (next.js: 44ms, application-code: 228ms)
 GET /applications/PO-1781853047181/preview 200 in 202ms (next.js: 64ms, application-code: 137ms)
 GET /r7admindash 200 in 112ms (next.js: 8ms, application-code: 105ms)
 GET /applications/PO-1781853047181/preview 200 in 142ms (next.js: 30ms, application-code: 112ms)
 GET /r7admindash 200 in 143ms (next.js: 6ms, application-code: 138ms)
 GET /r7admindash 200 in 115ms (next.js: 5ms, application-code: 111ms)
 GET /applications/PO-1781853047181/preview 200 in 169ms (next.js: 5ms, application-code: 164ms)
 GET /applications/PO-1781853047181/preview 200 in 169ms (next.js: 29ms, application-code: 140ms)
 GET /applications/PO-1781853047181/preview 200 in 169ms (next.js: 59ms, application-code: 110ms)
 GET /applications/PO-1781853047181/preview 200 in 85ms (next.js: 5ms, application-code: 79ms)
 GET /applications/PO-1781853047181/preview 200 in 84ms (next.js: 28ms, application-code: 56ms)
 GET /applications/PO-1781853047181/preview 200 in 31ms (next.js: 8ms, application-code: 23ms)
✓ Compiled in 101ms
 GET /r7admindash 200 in 274ms (next.js: 44ms, application-code: 230ms)
 GET /applications/PO-1781853047181/preview 200 in 207ms (next.js: 70ms, application-code: 137ms)
 GET /r7admindash 200 in 114ms (next.js: 5ms, application-code: 109ms)
 GET /r7admindash 200 in 89ms (next.js: 4ms, application-code: 86ms)
 GET /r7admindash 200 in 65ms (next.js: 5ms, application-code: 61ms)
 GET /applications/PO-1781853047181/preview 200 in 91ms (next.js: 26ms, application-code: 65ms)
 GET /applications/PO-1781853047181/preview 200 in 161ms (next.js: 6ms, application-code: 155ms)
 GET /applications/PO-1781853047181/preview 200 in 136ms (next.js: 8ms, application-code: 128ms)
 GET /applications/PO-1781853047181/preview 200 in 104ms (next.js: 29ms, application-code: 75ms)
 GET /applications/PO-1781853047181/preview 200 in 105ms (next.js: 5ms, application-code: 100ms)
 GET /applications/PO-1781853047181/preview 200 in 55ms (next.js: 5ms, application-code: 50ms)
 GET /applications/PO-1781853047181/preview 200 in 54ms (next.js: 29ms, application-code: 25ms)
✓ Compiled in 104ms
 GET /r7admindash 200 in 304ms (next.js: 45ms, application-code: 259ms)
 GET /applications/PO-1781853047181/preview 200 in 237ms (next.js: 72ms, application-code: 165ms)
 GET /r7admindash 200 in 139ms (next.js: 6ms, application-code: 134ms)
 GET /r7admindash 200 in 144ms (next.js: 5ms, application-code: 139ms)
 GET /r7admindash 200 in 145ms (next.js: 38ms, application-code: 107ms)
 GET /applications/PO-1781853047181/preview 200 in 166ms (next.js: 36ms, application-code: 130ms)
 GET /applications/PO-1781853047181/preview 200 in 170ms (next.js: 6ms, application-code: 164ms)
 GET /applications/PO-1781853047181/preview 200 in 140ms (next.js: 4ms, application-code: 136ms)
 GET /applications/PO-1781853047181/preview 200 in 115ms (next.js: 9ms, application-code: 106ms)
 GET /applications/PO-1781853047181/preview 200 in 82ms (next.js: 4ms, application-code: 78ms)
 GET /applications/PO-1781853047181/preview 200 in 56ms (next.js: 5ms, application-code: 51ms)
 GET /applications/PO-1781853047181/preview 200 in 55ms (next.js: 26ms, application-code: 29ms)
✓ Compiled in 98ms
 GET /r7admindash 200 in 271ms (next.js: 45ms, application-code: 227ms)
 GET /applications/PO-1781853047181/preview 200 in 203ms (next.js: 65ms, application-code: 138ms)
 GET /r7admindash 200 in 111ms (next.js: 5ms, application-code: 105ms)
 GET /r7admindash 200 in 91ms (next.js: 4ms, application-code: 86ms)
 GET /applications/PO-1781853047181/preview 200 in 93ms (next.js: 24ms, application-code: 69ms)
 GET /r7admindash 200 in 98ms (next.js: 4ms, application-code: 94ms)
 GET /applications/PO-1781853047181/preview 200 in 162ms (next.js: 6ms, application-code: 155ms)
 GET /applications/PO-1781853047181/preview 200 in 161ms (next.js: 30ms, application-code: 131ms)
 GET /applications/PO-1781853047181/preview 200 in 106ms (next.js: 5ms, application-code: 100ms)
 GET /applications/PO-1781853047181/preview 200 in 77ms (next.js: 4ms, application-code: 73ms)
 GET /applications/PO-1781853047181/preview 200 in 77ms (next.js: 25ms, application-code: 52ms)
 GET /applications/PO-1781853047181/preview 200 in 28ms (next.js: 4ms, application-code: 24ms)
✓ Compiled in 84ms
 GET /r7admindash 200 in 208ms (next.js: 42ms, application-code: 165ms)
 GET /applications/PO-1781853047181/preview 200 in 171ms (next.js: 64ms, application-code: 107ms)
 GET /r7admindash 200 in 110ms (next.js: 5ms, application-code: 105ms)
 GET /applications/PO-1781853047181/preview 200 in 112ms (next.js: 5ms, application-code: 107ms)
 GET /r7admindash 200 in 139ms (next.js: 4ms, application-code: 135ms)
 GET /r7admindash 200 in 116ms (next.js: 5ms, application-code: 111ms)
 GET /applications/PO-1781853047181/preview 200 in 110ms (next.js: 5ms, application-code: 104ms)
 GET /applications/PO-1781853047181/preview 200 in 111ms (next.js: 4ms, application-code: 107ms)
 GET /applications/PO-1781853047181/preview 200 in 114ms (next.js: 4ms, application-code: 110ms)
 GET /applications/PO-1781853047181/preview 200 in 87ms (next.js: 5ms, application-code: 82ms)
 GET /applications/PO-1781853047181/preview 200 in 60ms (next.js: 4ms, application-code: 56ms)
 GET /applications/PO-1781853047181/preview 200 in 34ms (next.js: 5ms, application-code: 29ms)
✓ Compiled in 77ms
 GET /r7admindash 200 in 304ms (next.js: 71ms, application-code: 233ms)
 GET /applications/PO-1781853047181/preview 200 in 209ms (next.js: 71ms, application-code: 138ms)
 GET /r7admindash 200 in 209ms (next.js: 103ms, application-code: 106ms)
 GET /r7admindash 200 in 135ms (next.js: 5ms, application-code: 130ms)
 GET /r7admindash 200 in 159ms (next.js: 28ms, application-code: 130ms)
 GET /applications/PO-1781853047181/preview 200 in 112ms (next.js: 4ms, application-code: 108ms)
 GET /r7admindash 200 in 167ms (next.js: 5ms, application-code: 162ms)
 GET /r7admindash 200 in 139ms (next.js: 4ms, application-code: 135ms)
 GET /r7admindash 200 in 117ms (next.js: 5ms, application-code: 112ms)
 GET /applications/PO-1781853047181/preview 200 in 160ms (next.js: 7ms, application-code: 154ms)
 GET /applications/PO-1781853047181/preview 200 in 156ms (next.js: 4ms, application-code: 152ms)
 GET /applications/PO-1781853047181/preview 200 in 131ms (next.js: 4ms, application-code: 127ms)
 GET /applications/PO-1781853047181/preview 200 in 158ms (next.js: 7ms, application-code: 150ms)
 GET /applications/PO-1781853047181/preview 200 in 158ms (next.js: 5ms, application-code: 153ms)
 GET /applications/PO-1781853047181/preview 200 in 132ms (next.js: 8ms, application-code: 124ms)
 GET /applications/PO-1781853047181/preview 200 in 152ms (next.js: 6ms, application-code: 146ms)
 GET /applications/PO-1781853047181/preview 200 in 178ms (next.js: 30ms, application-code: 148ms)
 GET /applications/PO-1781853047181/preview 200 in 136ms (next.js: 5ms, application-code: 131ms)
 GET /applications/PO-1781853047181/preview 200 in 94ms (next.js: 5ms, application-code: 90ms)
 GET /applications/PO-1781853047181/preview 200 in 66ms (next.js: 4ms, application-code: 62ms)
 GET /applications/PO-1781853047181/preview 200 in 42ms (next.js: 4ms, application-code: 38ms)
✓ Compiled in 54ms
 GET /r7admindash 200 in 287ms (next.js: 65ms, application-code: 223ms)
 GET /applications/PO-1781853047181/preview 200 in 194ms (next.js: 60ms, application-code: 133ms)
 GET /r7admindash 200 in 221ms (next.js: 84ms, application-code: 137ms)
 GET /r7admindash 200 in 114ms (next.js: 5ms, application-code: 109ms)
 GET /r7admindash 200 in 115ms (next.js: 27ms, application-code: 88ms)
 GET /applications/PO-1781853047181/preview 200 in 91ms (next.js: 8ms, application-code: 83ms)
 GET /r7admindash 200 in 145ms (next.js: 4ms, application-code: 141ms)
 GET /applications/PO-1781853047181/preview 200 in 138ms (next.js: 5ms, application-code: 133ms)
 GET /applications/PO-1781853047181/preview 200 in 137ms (next.js: 9ms, application-code: 128ms)
 GET /applications/PO-1781853047181/preview 200 in 109ms (next.js: 28ms, application-code: 81ms)
 GET /applications/PO-1781853047181/preview 200 in 111ms (next.js: 5ms, application-code: 106ms)
 GET /applications/PO-1781853047181/preview 200 in 86ms (next.js: 5ms, application-code: 81ms)
 GET /applications/PO-1781853047181/preview 200 in 81ms (next.js: 5ms, application-code: 76ms)
 GET /applications/PO-1781853047181/preview 200 in 53ms (next.js: 4ms, application-code: 49ms)
 GET /applications/PO-1781853047181/preview 200 in 26ms (next.js: 4ms, application-code: 22ms)
✓ Compiled in 99ms
 GET /r7admindash 200 in 388ms (next.js: 99ms, application-code: 289ms)
 GET /applications/PO-1781853047181/preview 200 in 252ms (next.js: 125ms, application-code: 127ms)
 GET /r7admindash 200 in 101ms (next.js: 5ms, application-code: 97ms)
 GET /r7admindash 200 in 119ms (next.js: 4ms, application-code: 114ms)
 GET /r7admindash 200 in 120ms (next.js: 25ms, application-code: 95ms)
 GET /applications/PO-1781853047181/preview 200 in 76ms (next.js: 4ms, application-code: 72ms)
 GET /r7admindash 200 in 127ms (next.js: 5ms, application-code: 123ms)
 GET /r7admindash 200 in 128ms (next.js: 4ms, application-code: 125ms)
 GET /applications/PO-1781853047181/preview 200 in 135ms (next.js: 4ms, application-code: 132ms)
 GET /applications/PO-1781853047181/preview 200 in 141ms (next.js: 4ms, application-code: 138ms)
 GET /applications/PO-1781853047181/preview 200 in 120ms (next.js: 6ms, application-code: 114ms)
 GET /applications/PO-1781853047181/preview 200 in 99ms (next.js: 4ms, application-code: 95ms)
 GET /applications/PO-1781853047181/preview 200 in 149ms (next.js: 5ms, application-code: 144ms)
 GET /applications/PO-1781853047181/preview 200 in 145ms (next.js: 5ms, application-code: 139ms)
 GET /applications/PO-1781853047181/preview 200 in 109ms (next.js: 5ms, application-code: 104ms)
 GET /applications/PO-1781853047181/preview 200 in 78ms (next.js: 4ms, application-code: 74ms)
 GET /applications/PO-1781853047181/preview 200 in 55ms (next.js: 5ms, application-code: 50ms)
 GET /applications/PO-1781853047181/preview 200 in 31ms (next.js: 4ms, application-code: 27ms)
 GET /applications/PO-1781853047181/preview 200 in 345ms (next.js: 15ms, application-code: 331ms)
 GET /r7admindash 200 in 189ms (next.js: 40ms, application-code: 148ms)
 GET /r7admindash 200 in 125ms (next.js: 39ms, application-code: 86ms)
 GET /applications/PO-1781853047181/preview 200 in 127ms (next.js: 17ms, application-code: 111ms)
 GET /r7admindash 200 in 143ms (next.js: 4ms, application-code: 139ms)
 GET /applications/PO-1781853047181/preview 200 in 185ms (next.js: 4ms, application-code: 181ms)
 GET /applications/PO-1781853047181/preview 200 in 178ms (next.js: 7ms, application-code: 171ms)
 GET /applications/PO-1781853047181/preview 200 in 169ms (next.js: 6ms, application-code: 163ms)
 GET /applications/PO-1781853047181/preview 200 in 132ms (next.js: 36ms, application-code: 96ms)
 GET /applications/PO-1781853047181/preview 200 in 134ms (next.js: 6ms, application-code: 128ms)
 GET /applications/PO-1781853047181/preview 200 in 108ms (next.js: 5ms, application-code: 103ms)
 GET /applications/PO-1781853047181/preview 200 in 82ms (next.js: 5ms, application-code: 77ms)
 GET /applications/PO-1781853047181/preview 200 in 46ms (next.js: 6ms, application-code: 41ms)
 GET /r7admindash 200 in 168ms (next.js: 53ms, application-code: 115ms)
 GET /applications/PO-1781853047181/preview 200 in 88ms (next.js: 16ms, application-code: 72ms)
 GET /applications/PO-1781853047181/preview 200 in 81ms (next.js: 5ms, application-code: 76ms)
 GET /applications/PO-1781853047181/preview 200 in 42ms (next.js: 5ms, application-code: 37ms)
 GET /r7admindash 200 in 113ms (next.js: 39ms, application-code: 74ms)
 GET /applications/PO-1781853047181/preview 200 in 39ms (next.js: 16ms, application-code: 23ms)
 GET /issuances 200 in 102ms (next.js: 75ms, application-code: 28ms)
✓ Compiled in 49ms
 GET /issuances 200 in 178ms (next.js: 67ms, application-code: 112ms)
 GET /applications/PO-1781853047181/preview 200 in 86ms (next.js: 35ms, application-code: 51ms)
 GET /issuances 200 in 87ms (next.js: 3ms, application-code: 84ms)
 GET /applications/PO-1781853047181/preview 200 in 29ms (next.js: 5ms, application-code: 24ms)
✓ Compiled in 102ms
✓ Compiled in 48ms
 GET /issuances 200 in 153ms (next.js: 46ms, application-code: 107ms)
 GET /applications/PO-1781853047181/preview 200 in 84ms (next.js: 59ms, application-code: 25ms)
✓ Compiled in 112ms
 GET /issuances 200 in 235ms (next.js: 46ms, application-code: 189ms)
 GET /applications/PO-1781853047181/preview 200 in 167ms (next.js: 59ms, application-code: 108ms)
 GET /issuances 200 in 168ms (next.js: 85ms, application-code: 82ms)
 GET /issuances 200 in 95ms (next.js: 4ms, application-code: 91ms)
 GET /applications/PO-1781853047181/preview 200 in 70ms (next.js: 7ms, application-code: 63ms)
 GET /applications/PO-1781853047181/preview 200 in 35ms (next.js: 5ms, application-code: 29ms)
 GET /r7admindash 200 in 30ms (next.js: 9ms, application-code: 21ms)
 GET /applications/PO-1781853047181/preview 200 in 309ms (next.js: 15ms, application-code: 293ms)
 GET /r7admindash 200 in 31ms (next.js: 5ms, application-code: 26ms)
 GET /issuances 200 in 24ms (next.js: 4ms, application-code: 20ms)
✓ Compiled in 98ms
 GET /r7admindash 200 in 189ms (next.js: 40ms, application-code: 149ms)
 GET /issuances 200 in 189ms (next.js: 79ms, application-code: 110ms)
 GET /applications/PO-1781853047181/preview 200 in 89ms (next.js: 59ms, application-code: 30ms)
 GET /r7admindash 200 in 21ms (next.js: 5ms, application-code: 16ms)
